User belongs to experiment group 'ShowPlayIcon - start'
User belongs to experiment group 'ShowExtensionSurveyPrompt - control'
User belongs to experiment group 'DebugAdapterFactory - experiment'
User belongs to experiment group 'PtvsdWheels37 - experiment'
User belongs to experiment group 'LS - control'
User belongs to experiment group 'UseTerminalToGetActivatedEnvVars - control'
User belongs to experiment group 'LocalZMQKernel - control'
User belongs to experiment group 'CollectLSRequestTiming - control'
User belongs to experiment group 'CollectNodeLSRequestTiming - experiment'
User belongs to experiment group 'EnableIPyWidgets - experiment'
User belongs to experiment group 'RunByLine - control'
User belongs to experiment group 'CustomEditorSupport - control'
> conda --version
> pyenv root
> python3.7 ~/.vscode-oss/extensions/ms-python.python-2020.6.91350/pythonFiles/pyvsc-run-isolated.py -c "import sys;print(sys.executable)"
> python3.6 ~/.vscode-oss/extensions/ms-python.python-2020.6.91350/pythonFiles/pyvsc-run-isolated.py -c "import sys;print(sys.executable)"
> python3 ~/.vscode-oss/extensions/ms-python.python-2020.6.91350/pythonFiles/pyvsc-run-isolated.py -c "import sys;print(sys.executable)"
> python2 ~/.vscode-oss/extensions/ms-python.python-2020.6.91350/pythonFiles/pyvsc-run-isolated.py -c "import sys;print(sys.executable)"
> python ~/.vscode-oss/extensions/ms-python.python-2020.6.91350/pythonFiles/pyvsc-run-isolated.py -c "import sys;print(sys.executable)"
> ~/anaconda3/envs/dalio/bin/python ~/.vscode-oss/extensions/ms-python.python-2020.6.91350/pythonFiles/pyvsc-run-isolated.py -c "import sys;print(sys.executable)"
> conda info --json
> ~/anaconda3/envs/dalio/bin/python ~/.vscode-oss/extensions/ms-python.python-2020.6.91350/pythonFiles/pyvsc-run-isolated.py -c "import sys;print(sys.executable)"
> ~/anaconda3/envs/dalio/bin/python ~/.vscode-oss/extensions/ms-python.python-2020.6.91350/pythonFiles/pyvsc-run-isolated.py -c "import sys;print(sys.executable)"
> conda env list
> ~/anaconda3/envs/dalio/bin/python ~/.vscode-oss/extensions/ms-python.python-2020.6.91350/pythonFiles/pyvsc-run-isolated.py -c "import sys;print(sys.executable)"
> ~/anaconda3/envs/dalio/bin/python ~/.vscode-oss/extensions/ms-python.python-2020.6.91350/pythonFiles/pyvsc-run-isolated.py -c "import sys;print(sys.executable)"
> ~/anaconda3/envs/dalio/bin/python ~/.vscode-oss/extensions/ms-python.python-2020.6.91350/pythonFiles/pyvsc-run-isolated.py -c "import sys;print(sys.executable)"
> ~/anaconda3/envs/dalio/bin/python ~/.vscode-oss/extensions/ms-python.python-2020.6.91350/pythonFiles/pyvsc-run-isolated.py -c "import sys;print(sys.executable)"
> ~/anaconda3/envs/dalio/bin/python ~/.vscode-oss/extensions/ms-python.python-2020.6.91350/pythonFiles/pyvsc-run-isolated.py -c "import sys;print(sys.executable)"
> ~/anaconda3/envs/dalio/bin/python ~/.vscode-oss/extensions/ms-python.python-2020.6.91350/pythonFiles/pyvsc-run-isolated.py -c "import sys;print(sys.executable)"
> ~/anaconda3/envs/dalio/bin/python ~/.vscode-oss/extensions/ms-python.python-2020.6.91350/pythonFiles/pyvsc-run-isolated.py -c "import sys;print(sys.executable)"
> ~/anaconda3/envs/dalio/bin/python ~/.vscode-oss/extensions/ms-python.python-2020.6.91350/pythonFiles/pyvsc-run-isolated.py -c "import sys;print(sys.executable)"
> ~/anaconda3/envs/dalio/bin/python ~/.vscode-oss/extensions/ms-python.python-2020.6.91350/pythonFiles/pyvsc-run-isolated.py -c "import sys;print(sys.executable)"
> ~/anaconda3/envs/dalio/bin/python ~/.vscode-oss/extensions/ms-python.python-2020.6.91350/pythonFiles/pyvsc-run-isolated.py -c "import sys;print(sys.executable)"
Starting Jedi Python language engine.
> ~/anaconda3/envs/dalio/bin/python ~/.vscode-oss/extensions/ms-python.python-2020.6.91350/pythonFiles/pyvsc-run-isolated.py -c "import sys;print(sys.executable)"
> ~/anaconda3/envs/dalio/bin/python ~/.vscode-oss/extensions/ms-python.python-2020.6.91350/pythonFiles/pyvsc-run-isolated.py -c "import sys;print(sys.executable)"
Diagnostic Code: InvalidPythonInterpreterDiagnostic, Message: No Python interpreter is selected. You need to select a Python interpreter to enable features such as IntelliSense, linting, and debugging.
> conda env list
> ~/anaconda3/envs/dalio/bin/python ~/.vscode-oss/extensions/ms-python.python-2020.6.91350/pythonFiles/pyvsc-run-isolated.py -c "import sys;print(sys.executable)"
> ~/anaconda3/envs/dalio/bin/python ~/.vscode-oss/extensions/ms-python.python-2020.6.91350/pythonFiles/pyvsc-run-isolated.py -c "import sys;print(sys.executable)"
> ~/anaconda3/envs/dalio/bin/python ~/.vscode-oss/extensions/ms-python.python-2020.6.91350/pythonFiles/pyvsc-run-isolated.py -c "import sys;print(sys.executable)"
> ~/anaconda3/envs/dalio/bin/python ~/.vscode-oss/extensions/ms-python.python-2020.6.91350/pythonFiles/pyvsc-run-isolated.py -c "import sys;print(sys.executable)"
> ~/anaconda3/envs/dalio/bin/python ~/.vscode-oss/extensions/ms-python.python-2020.6.91350/pythonFiles/pyvsc-run-isolated.py -c "import sys;print(sys.executable)"
> ~/anaconda3/envs/dalio/bin/python ~/.vscode-oss/extensions/ms-python.python-2020.6.91350/pythonFiles/pyvsc-run-isolated.py -c "import sys;print(sys.executable)"
> ~/anaconda3/envs/dalio/bin/python ~/.vscode-oss/extensions/ms-python.python-2020.6.91350/pythonFiles/pyvsc-run-isolated.py -c "import sys;print(sys.executable)"
> ~/anaconda3/envs/dalio/bin/python ~/.vscode-oss/extensions/ms-python.python-2020.6.91350/pythonFiles/pyvsc-run-isolated.py -c "import sys;print(sys.executable)"
> ~/anaconda3/envs/dalio/bin/python ~/.vscode-oss/extensions/ms-python.python-2020.6.91350/pythonFiles/pyvsc-run-isolated.py -c "import sys;print(sys.executable)"
> ~/anaconda3/envs/dalio/bin/python ~/.vscode-oss/extensions/ms-python.python-2020.6.91350/pythonFiles/pyvsc-run-isolated.py -c "import sys;print(sys.executable)"
> ~/anaconda3/envs/dalio/bin/python ~/.vscode-oss/extensions/ms-python.python-2020.6.91350/pythonFiles/pyvsc-run-isolated.py -c "import sys;print(sys.executable)"
> ~/anaconda3/envs/dalio/bin/python ~/.vscode-oss/extensions/ms-python.python-2020.6.91350/pythonFiles/pyvsc-run-isolated.py -c "import sys;print(sys.executable)"
> ~/anaconda3/envs/dalio/bin/python ~/.vscode-oss/extensions/ms-python.python-2020.6.91350/pythonFiles/pyvsc-run-isolated.py -c "import sys;print(sys.executable)"
> ~/anaconda3/envs/dalio/bin/python ~/.vscode-oss/extensions/ms-python.python-2020.6.91350/pythonFiles/pyvsc-run-isolated.py -c "import sys;print(sys.executable)"
> ~/anaconda3/envs/dalio/bin/python ~/.vscode-oss/extensions/ms-python.python-2020.6.91350/pythonFiles/pyvsc-run-isolated.py -c "import sys;print(sys.executable)"
> ~/anaconda3/envs/dalio/bin/python ~/.vscode-oss/extensions/ms-python.python-2020.6.91350/pythonFiles/pyvsc-run-isolated.py -c "import sys;print(sys.executable)"
> ~/anaconda3/envs/dalio/bin/python ~/.vscode-oss/extensions/ms-python.python-2020.6.91350/pythonFiles/pyvsc-run-isolated.py -c "import sys;print(sys.executable)"
> ~/anaconda3/envs/dalio/bin/python ~/.vscode-oss/extensions/ms-python.python-2020.6.91350/pythonFiles/pyvsc-run-isolated.py -c "import sys;print(sys.executable)"
> ~/anaconda3/envs/dalio/bin/python ~/.vscode-oss/extensions/ms-python.python-2020.6.91350/pythonFiles/pyvsc-run-isolated.py -c "import sys;print(sys.executable)"
> ~/anaconda3/envs/dalio/bin/python ~/.vscode-oss/extensions/ms-python.python-2020.6.91350/pythonFiles/pyvsc-run-isolated.py -c "import sys;print(sys.executable)"
> ~/anaconda3/envs/dalio/bin/python ~/.vscode-oss/extensions/ms-python.python-2020.6.91350/pythonFiles/pyvsc-run-isolated.py -c "import sys;print(sys.executable)"
> ~/anaconda3/envs/dalio/bin/python ~/.vscode-oss/extensions/ms-python.python-2020.6.91350/pythonFiles/pyvsc-run-isolated.py -c "import sys;print(sys.executable)"
> ~/anaconda3/envs/dalio/bin/python ~/.vscode-oss/extensions/ms-python.python-2020.6.91350/pythonFiles/pyvsc-run-isolated.py -c "import sys;print(sys.executable)"
> ~/anaconda3/envs/dalio/bin/python ~/.vscode-oss/extensions/ms-python.python-2020.6.91350/pythonFiles/pyvsc-run-isolated.py -c "import sys;print(sys.executable)"
> ~/.conda/envs/dalio/bin/python ~/.vscode-oss/extensions/ms-python.python-2020.6.91350/pythonFiles/pyvsc-run-isolated.py pip --version
Python interpreter path: ~/.conda/envs/dalio/bin/python
Starting Jedi Python language engine.
> ~/.conda/envs/dalio/bin/python ~/.vscode-oss/extensions/ms-python.python-2020.6.91350/pythonFiles/pyvsc-run-isolated.py pylint --disable=all --enable=F,unreachable,duplicate-key,unnecessary-semicolon,global-variable-not-assigned,unused-variable,unused-wildcard-import,binary-op-exception,bad-format-string,anomalous-backslash-in-string,bad-open-mode,E0001,E0011,E0012,E0100,E0101,E0102,E0103,E0104,E0105,E0107,E0108,E0110,E0111,E0112,E0113,E0114,E0115,E0116,E0117,E0118,E0202,E0203,E0211,E0213,E0236,E0237,E0238,E0239,E0240,E0241,E0301,E0302,E0303,E0401,E0402,E0601,E0602,E0603,E0604,E0611,E0632,E0633,E0701,E0702,E0703,E0704,E0710,E0711,E0712,E1003,E1101,E1102,E1111,E1120,E1121,E1123,E1124,E1125,E1126,E1127,E1128,E1129,E1130,E1131,E1132,E1133,E1134,E1135,E1136,E1137,E1138,E1139,E1200,E1201,E1205,E1206,E1300,E1301,E1302,E1303,E1304,E1305,E1306,E1310,E1700,E1701 --msg-template='{line},{column},{category},{symbol}:{msg}' --reports=n --output-format=text ~/Documents/Projects/Dal-io/tests/pipe_tests.py
cwd: ~/Documents/Projects/Dal-io
> ~/.conda/envs/dalio/bin/python ~/.vscode-oss/extensions/ms-python.python-2020.6.91350/pythonFiles/pyvsc-run-isolated.py pylint --disable=all --enable=F,unreachable,duplicate-key,unnecessary-semicolon,global-variable-not-assigned,unused-variable,unused-wildcard-import,binary-op-exception,bad-format-string,anomalous-backslash-in-string,bad-open-mode,E0001,E0011,E0012,E0100,E0101,E0102,E0103,E0104,E0105,E0107,E0108,E0110,E0111,E0112,E0113,E0114,E0115,E0116,E0117,E0118,E0202,E0203,E0211,E0213,E0236,E0237,E0238,E0239,E0240,E0241,E0301,E0302,E0303,E0401,E0402,E0601,E0602,E0603,E0604,E0611,E0632,E0633,E0701,E0702,E0703,E0704,E0710,E0711,E0712,E1003,E1101,E1102,E1111,E1120,E1121,E1123,E1124,E1125,E1126,E1127,E1128,E1129,E1130,E1131,E1132,E1133,E1134,E1135,E1136,E1137,E1138,E1139,E1200,E1201,E1205,E1206,E1300,E1301,E1302,E1303,E1304,E1305,E1306,E1310,E1700,E1701 --msg-template='{line},{column},{category},{symbol}:{msg}' --reports=n --output-format=text ~/Documents/Projects/Dal-io/tests/pipe_tests.py
cwd: ~/Documents/Projects/Dal-io
> ~/.conda/envs/dalio/bin/python ~/.vscode-oss/extensions/ms-python.python-2020.6.91350/pythonFiles/pyvsc-run-isolated.py -c "import sys;print(sys.prefix)"
cwd: ~/Documents/Projects/Dal-io
> ~/.conda/envs/dalio/bin/python ~/.vscode-oss/extensions/ms-python.python-2020.6.91350/pythonFiles/pyvsc-run-isolated.py -c "import sys;print(sys.prefix)"
cwd: ~/Documents/Projects/Dal-io
> ~/.conda/envs/dalio/bin/python ~/.vscode-oss/extensions/ms-python.python-2020.6.91350/pythonFiles/pyvsc-run-isolated.py -c "import sys;print(sys.executable)"
cwd: ~/Documents/Projects/Dal-io
> ~/.conda/envs/dalio/bin/python ~/.vscode-oss/extensions/ms-python.python-2020.6.91350/pythonFiles/pyvsc-run-isolated.py -c "import sys;print(sys.executable)"
cwd: ~/Documents/Projects/Dal-io
> ~/.conda/envs/dalio/bin/python ~/.vscode-oss/extensions/ms-python.python-2020.6.91350/pythonFiles/pyvsc-run-isolated.py -c "from distutils.sysconfig import get_python_lib; print(get_python_lib())"
cwd: ~/Documents/Projects/Dal-io
> ~/.conda/envs/dalio/bin/python ~/.vscode-oss/extensions/ms-python.python-2020.6.91350/pythonFiles/pyvsc-run-isolated.py -c "from distutils.sysconfig import get_python_lib; print(get_python_lib())"
cwd: ~/Documents/Projects/Dal-io
> ~/.conda/envs/dalio/bin/python ~/.vscode-oss/extensions/ms-python.python-2020.6.91350/pythonFiles/pyvsc-run-isolated.py site --user-site
cwd: ~/Documents/Projects/Dal-io
> ~/.conda/envs/dalio/bin/python ~/.vscode-oss/extensions/ms-python.python-2020.6.91350/pythonFiles/pyvsc-run-isolated.py site --user-site
cwd: ~/Documents/Projects/Dal-io
> ~/.conda/envs/dalio/bin/python ~/.vscode-oss/extensions/ms-python.python-2020.6.91350/pythonFiles/pyvsc-run-isolated.py -c "import pylint"
> ~/.conda/envs/dalio/bin/python ~/.vscode-oss/extensions/ms-python.python-2020.6.91350/pythonFiles/pyvsc-run-isolated.py -c "import pylint"
> ~/.conda/envs/dalio/bin/python ~/.vscode-oss/extensions/ms-python.python-2020.6.91350/pythonFiles/pyvsc-run-isolated.py -c "import pylint"
> ~/.conda/envs/dalio/bin/python ~/.vscode-oss/extensions/ms-python.python-2020.6.91350/pythonFiles/pyvsc-run-isolated.py -c "import pylint"
> ~/.conda/envs/dalio/bin/python ~/.vscode-oss/extensions/ms-python.python-2020.6.91350/pythonFiles/pyvsc-run-isolated.py ~/.vscode-oss/extensions/ms-python.python-2020.6.91350/pythonFiles/completion.py
> ~/.conda/envs/dalio/bin/python ~/.vscode-oss/extensions/ms-python.python-2020.6.91350/pythonFiles/pyvsc-run-isolated.py ~/.vscode-oss/extensions/ms-python.python-2020.6.91350/pythonFiles/completion.py

Linter 'pylint' is not installed. Please install it or select another linter".
Error: Module 'pylint' not installed.
> ~/.conda/envs/dalio/bin/python ~/.vscode-oss/extensions/ms-python.python-2020.6.91350/pythonFiles/pyvsc-run-isolated.py pylint --disable=all --enable=F,unreachable,duplicate-key,unnecessary-semicolon,global-variable-not-assigned,unused-variable,unused-wildcard-import,binary-op-exception,bad-format-string,anomalous-backslash-in-string,bad-open-mode,E0001,E0011,E0012,E0100,E0101,E0102,E0103,E0104,E0105,E0107,E0108,E0110,E0111,E0112,E0113,E0114,E0115,E0116,E0117,E0118,E0202,E0203,E0211,E0213,E0236,E0237,E0238,E0239,E0240,E0241,E0301,E0302,E0303,E0401,E0402,E0601,E0602,E0603,E0604,E0611,E0632,E0633,E0701,E0702,E0703,E0704,E0710,E0711,E0712,E1003,E1101,E1102,E1111,E1120,E1121,E1123,E1124,E1125,E1126,E1127,E1128,E1129,E1130,E1131,E1132,E1133,E1134,E1135,E1136,E1137,E1138,E1139,E1200,E1201,E1205,E1206,E1300,E1301,E1302,E1303,E1304,E1305,E1306,E1310,E1700,E1701 --msg-template='{line},{column},{category},{symbol}:{msg}' --reports=n --output-format=text ~/Documents/Projects/Dal-io/tests/pipe_tests.py
cwd: ~/Documents/Projects/Dal-io
> ~/.conda/envs/dalio/bin/python ~/.vscode-oss/extensions/ms-python.python-2020.6.91350/pythonFiles/pyvsc-run-isolated.py pylint --disable=all --enable=F,unreachable,duplicate-key,unnecessary-semicolon,global-variable-not-assigned,unused-variable,unused-wildcard-import,binary-op-exception,bad-format-string,anomalous-backslash-in-string,bad-open-mode,E0001,E0011,E0012,E0100,E0101,E0102,E0103,E0104,E0105,E0107,E0108,E0110,E0111,E0112,E0113,E0114,E0115,E0116,E0117,E0118,E0202,E0203,E0211,E0213,E0236,E0237,E0238,E0239,E0240,E0241,E0301,E0302,E0303,E0401,E0402,E0601,E0602,E0603,E0604,E0611,E0632,E0633,E0701,E0702,E0703,E0704,E0710,E0711,E0712,E1003,E1101,E1102,E1111,E1120,E1121,E1123,E1124,E1125,E1126,E1127,E1128,E1129,E1130,E1131,E1132,E1133,E1134,E1135,E1136,E1137,E1138,E1139,E1200,E1201,E1205,E1206,E1300,E1301,E1302,E1303,E1304,E1305,E1306,E1310,E1700,E1701 --msg-template='{line},{column},{category},{symbol}:{msg}' --reports=n --output-format=text ~/Documents/Projects/Dal-io/tests/pipe_tests.py
cwd: ~/Documents/Projects/Dal-io
> ~/.conda/envs/dalio/bin/python ~/.vscode-oss/extensions/ms-python.python-2020.6.91350/pythonFiles/pyvsc-run-isolated.py -c "import pylint"
> ~/.conda/envs/dalio/bin/python ~/.vscode-oss/extensions/ms-python.python-2020.6.91350/pythonFiles/pyvsc-run-isolated.py -c "import pylint"
> ~/.conda/envs/dalio/bin/python ~/.vscode-oss/extensions/ms-python.python-2020.6.91350/pythonFiles/pyvsc-run-isolated.py -c "import pylint"
> ~/.conda/envs/dalio/bin/python ~/.vscode-oss/extensions/ms-python.python-2020.6.91350/pythonFiles/pyvsc-run-isolated.py -c "import pylint"

Linter 'pylint' is not installed. Please install it or select another linter".
Error: Module 'pylint' not installed.
> ~/.conda/envs/dalio/bin/python ~/.vscode-oss/extensions/ms-python.python-2020.6.91350/pythonFiles/pyvsc-run-isolated.py -c "import pip"
> ~/.conda/envs/dalio/bin/python ~/.vscode-oss/extensions/ms-python.python-2020.6.91350/pythonFiles/pyvsc-run-isolated.py -c "import pip"
> ~/.conda/envs/dalio/bin/python ~/.vscode-oss/extensions/ms-python.python-2020.6.91350/pythonFiles/pyvsc-run-isolated.py pylint --disable=all --enable=F,unreachable,duplicate-key,unnecessary-semicolon,global-variable-not-assigned,unused-variable,unused-wildcard-import,binary-op-exception,bad-format-string,anomalous-backslash-in-string,bad-open-mode,E0001,E0011,E0012,E0100,E0101,E0102,E0103,E0104,E0105,E0107,E0108,E0110,E0111,E0112,E0113,E0114,E0115,E0116,E0117,E0118,E0202,E0203,E0211,E0213,E0236,E0237,E0238,E0239,E0240,E0241,E0301,E0302,E0303,E0401,E0402,E0601,E0602,E0603,E0604,E0611,E0632,E0633,E0701,E0702,E0703,E0704,E0710,E0711,E0712,E1003,E1101,E1102,E1111,E1120,E1121,E1123,E1124,E1125,E1126,E1127,E1128,E1129,E1130,E1131,E1132,E1133,E1134,E1135,E1136,E1137,E1138,E1139,E1200,E1201,E1205,E1206,E1300,E1301,E1302,E1303,E1304,E1305,E1306,E1310,E1700,E1701 --msg-template='{line},{column},{category},{symbol}:{msg}' --reports=n --output-format=text ~/Documents/Projects/Dal-io/dalio/pipe/pipe.py
cwd: ~/Documents/Projects/Dal-io
> ~/.conda/envs/dalio/bin/python ~/.vscode-oss/extensions/ms-python.python-2020.6.91350/pythonFiles/pyvsc-run-isolated.py pylint --disable=all --enable=F,unreachable,duplicate-key,unnecessary-semicolon,global-variable-not-assigned,unused-variable,unused-wildcard-import,binary-op-exception,bad-format-string,anomalous-backslash-in-string,bad-open-mode,E0001,E0011,E0012,E0100,E0101,E0102,E0103,E0104,E0105,E0107,E0108,E0110,E0111,E0112,E0113,E0114,E0115,E0116,E0117,E0118,E0202,E0203,E0211,E0213,E0236,E0237,E0238,E0239,E0240,E0241,E0301,E0302,E0303,E0401,E0402,E0601,E0602,E0603,E0604,E0611,E0632,E0633,E0701,E0702,E0703,E0704,E0710,E0711,E0712,E1003,E1101,E1102,E1111,E1120,E1121,E1123,E1124,E1125,E1126,E1127,E1128,E1129,E1130,E1131,E1132,E1133,E1134,E1135,E1136,E1137,E1138,E1139,E1200,E1201,E1205,E1206,E1300,E1301,E1302,E1303,E1304,E1305,E1306,E1310,E1700,E1701 --msg-template='{line},{column},{category},{symbol}:{msg}' --reports=n --output-format=text ~/Documents/Projects/Dal-io/dalio/pipe/pipe.py
cwd: ~/Documents/Projects/Dal-io
> ~/.conda/envs/dalio/bin/python ~/.vscode-oss/extensions/ms-python.python-2020.6.91350/pythonFiles/pyvsc-run-isolated.py -c "import pylint"
> ~/.conda/envs/dalio/bin/python ~/.vscode-oss/extensions/ms-python.python-2020.6.91350/pythonFiles/pyvsc-run-isolated.py -c "import pylint"
> ~/.conda/envs/dalio/bin/python ~/.vscode-oss/extensions/ms-python.python-2020.6.91350/pythonFiles/pyvsc-run-isolated.py -c "import pylint"
> ~/.conda/envs/dalio/bin/python ~/.vscode-oss/extensions/ms-python.python-2020.6.91350/pythonFiles/pyvsc-run-isolated.py -c "import pylint"

Linter 'pylint' is not installed. Please install it or select another linter".
Error: Module 'pylint' not installed.
> ~/.conda/envs/dalio/bin/python ~/.vscode-oss/extensions/ms-python.python-2020.6.91350/pythonFiles/pyvsc-run-isolated.py pylint --disable=all --enable=F,unreachable,duplicate-key,unnecessary-semicolon,global-variable-not-assigned,unused-variable,unused-wildcard-import,binary-op-exception,bad-format-string,anomalous-backslash-in-string,bad-open-mode,E0001,E0011,E0012,E0100,E0101,E0102,E0103,E0104,E0105,E0107,E0108,E0110,E0111,E0112,E0113,E0114,E0115,E0116,E0117,E0118,E0202,E0203,E0211,E0213,E0236,E0237,E0238,E0239,E0240,E0241,E0301,E0302,E0303,E0401,E0402,E0601,E0602,E0603,E0604,E0611,E0632,E0633,E0701,E0702,E0703,E0704,E0710,E0711,E0712,E1003,E1101,E1102,E1111,E1120,E1121,E1123,E1124,E1125,E1126,E1127,E1128,E1129,E1130,E1131,E1132,E1133,E1134,E1135,E1136,E1137,E1138,E1139,E1200,E1201,E1205,E1206,E1300,E1301,E1302,E1303,E1304,E1305,E1306,E1310,E1700,E1701 --msg-template='{line},{column},{category},{symbol}:{msg}' --reports=n --output-format=text ~/Documents/Projects/Dal-io/tests/pipe_tests.py
cwd: ~/Documents/Projects/Dal-io
> ~/.conda/envs/dalio/bin/python ~/.vscode-oss/extensions/ms-python.python-2020.6.91350/pythonFiles/pyvsc-run-isolated.py pylint --disable=all --enable=F,unreachable,duplicate-key,unnecessary-semicolon,global-variable-not-assigned,unused-variable,unused-wildcard-import,binary-op-exception,bad-format-string,anomalous-backslash-in-string,bad-open-mode,E0001,E0011,E0012,E0100,E0101,E0102,E0103,E0104,E0105,E0107,E0108,E0110,E0111,E0112,E0113,E0114,E0115,E0116,E0117,E0118,E0202,E0203,E0211,E0213,E0236,E0237,E0238,E0239,E0240,E0241,E0301,E0302,E0303,E0401,E0402,E0601,E0602,E0603,E0604,E0611,E0632,E0633,E0701,E0702,E0703,E0704,E0710,E0711,E0712,E1003,E1101,E1102,E1111,E1120,E1121,E1123,E1124,E1125,E1126,E1127,E1128,E1129,E1130,E1131,E1132,E1133,E1134,E1135,E1136,E1137,E1138,E1139,E1200,E1201,E1205,E1206,E1300,E1301,E1302,E1303,E1304,E1305,E1306,E1310,E1700,E1701 --msg-template='{line},{column},{category},{symbol}:{msg}' --reports=n --output-format=text ~/Documents/Projects/Dal-io/tests/pipe_tests.py
cwd: ~/Documents/Projects/Dal-io
##########Linting Output - pylint##########
************* Module pipe_tests
6,0,error,import-error:Unable to import 'dalio.base.constants'
7,0,error,import-error:Unable to import 'dalio.ops'
8,0,error,import-error:Unable to import 'dalio.external'
9,0,error,import-error:Unable to import 'dalio.translator'
10,0,error,import-error:Unable to import 'dalio.pipe'
11,0,error,import-error:Unable to import 'dalio.model'
12,0,error,import-error:Unable to import 'dalio.application'
16,8,error,undefined-variable:Undefined variable 'YahooDR'
17,7,error,undefined-variable:Undefined variable 'YahooStockTranslator'
23,11,error,undefined-variable:Undefined variable 'Change'
26,15,error,undefined-variable:Undefined variable 'ColSelect'
29,11,error,undefined-variable:Undefined variable 'Custom'
32,12,error,undefined-variable:Undefined variable 'Custom'
32,19,error,undefined-variable:Undefined variable 'risk_metrics'
35,10,error,undefined-variable:Undefined variable 'Index'
38,11,error,undefined-variable:Undefined variable 'Period'
89,15,error,undefined-variable:Undefined variable 'ColSelect'
90,10,error,undefined-variable:Undefined variable 'StockReturns'
92,8,error,undefined-variable:Undefined variable 'MakeARCH'
101,6,error,undefined-variable:Undefined variable 'ValueAtRisk'
104,17,error,undefined-variable:Undefined variable 'PyPlotGraph'
106,12,error,undefined-variable:Undefined variable 'VaRGrapher'
112,4,error,undefined-variable:Undefined variable 'CovShrink'
115,5,error,undefined-variable:Undefined variable 'ExpectedReturns'
121,10,error,undefined-variable:Undefined variable 'OptimumWeights'
137,11,error,undefined-variable:Undefined variable 'OptimumPortfolio'
144,5,error,undefined-variable:Undefined variable 'LinearModel'
150,11,error,undefined-variable:Undefined variable 'MakeCriticalLine'

-------------------------------------
Your code has been rated at -15.00/10

> ~/.conda/envs/dalio/bin/python ~/.vscode-oss/extensions/ms-python.python-2020.6.91350/pythonFiles/pyvsc-run-isolated.py pylint --disable=all --enable=F,unreachable,duplicate-key,unnecessary-semicolon,global-variable-not-assigned,unused-variable,unused-wildcard-import,binary-op-exception,bad-format-string,anomalous-backslash-in-string,bad-open-mode,E0001,E0011,E0012,E0100,E0101,E0102,E0103,E0104,E0105,E0107,E0108,E0110,E0111,E0112,E0113,E0114,E0115,E0116,E0117,E0118,E0202,E0203,E0211,E0213,E0236,E0237,E0238,E0239,E0240,E0241,E0301,E0302,E0303,E0401,E0402,E0601,E0602,E0603,E0604,E0611,E0632,E0633,E0701,E0702,E0703,E0704,E0710,E0711,E0712,E1003,E1101,E1102,E1111,E1120,E1121,E1123,E1124,E1125,E1126,E1127,E1128,E1129,E1130,E1131,E1132,E1133,E1134,E1135,E1136,E1137,E1138,E1139,E1200,E1201,E1205,E1206,E1300,E1301,E1302,E1303,E1304,E1305,E1306,E1310,E1700,E1701 --msg-template='{line},{column},{category},{symbol}:{msg}' --reports=n --output-format=text ~/Documents/Projects/Dal-io/dalio/pipe/pipe.py
cwd: ~/Documents/Projects/Dal-io
> ~/.conda/envs/dalio/bin/python ~/.vscode-oss/extensions/ms-python.python-2020.6.91350/pythonFiles/pyvsc-run-isolated.py pylint --disable=all --enable=F,unreachable,duplicate-key,unnecessary-semicolon,global-variable-not-assigned,unused-variable,unused-wildcard-import,binary-op-exception,bad-format-string,anomalous-backslash-in-string,bad-open-mode,E0001,E0011,E0012,E0100,E0101,E0102,E0103,E0104,E0105,E0107,E0108,E0110,E0111,E0112,E0113,E0114,E0115,E0116,E0117,E0118,E0202,E0203,E0211,E0213,E0236,E0237,E0238,E0239,E0240,E0241,E0301,E0302,E0303,E0401,E0402,E0601,E0602,E0603,E0604,E0611,E0632,E0633,E0701,E0702,E0703,E0704,E0710,E0711,E0712,E1003,E1101,E1102,E1111,E1120,E1121,E1123,E1124,E1125,E1126,E1127,E1128,E1129,E1130,E1131,E1132,E1133,E1134,E1135,E1136,E1137,E1138,E1139,E1200,E1201,E1205,E1206,E1300,E1301,E1302,E1303,E1304,E1305,E1306,E1310,E1700,E1701 --msg-template='{line},{column},{category},{symbol}:{msg}' --reports=n --output-format=text ~/Documents/Projects/Dal-io/dalio/pipe/pipe.py
cwd: ~/Documents/Projects/Dal-io
##########Linting Output - pylint##########
************* Module dalio.pipe.pipe
154,8,error,no-member:Instance of 'Pipe' has no 'extend' member
178,15,error,no-member:Instance of 'Pipe' has no 'extend' member

-----------------------------------
Your code has been rated at 8.18/10

> ~/.conda/envs/dalio/bin/python ~/.vscode-oss/extensions/ms-python.python-2020.6.91350/pythonFiles/pyvsc-run-isolated.py pylint --disable=all --enable=F,unreachable,duplicate-key,unnecessary-semicolon,global-variable-not-assigned,unused-variable,unused-wildcard-import,binary-op-exception,bad-format-string,anomalous-backslash-in-string,bad-open-mode,E0001,E0011,E0012,E0100,E0101,E0102,E0103,E0104,E0105,E0107,E0108,E0110,E0111,E0112,E0113,E0114,E0115,E0116,E0117,E0118,E0202,E0203,E0211,E0213,E0236,E0237,E0238,E0239,E0240,E0241,E0301,E0302,E0303,E0401,E0402,E0601,E0602,E0603,E0604,E0611,E0632,E0633,E0701,E0702,E0703,E0704,E0710,E0711,E0712,E1003,E1101,E1102,E1111,E1120,E1121,E1123,E1124,E1125,E1126,E1127,E1128,E1129,E1130,E1131,E1132,E1133,E1134,E1135,E1136,E1137,E1138,E1139,E1200,E1201,E1205,E1206,E1300,E1301,E1302,E1303,E1304,E1305,E1306,E1310,E1700,E1701 --msg-template='{line},{column},{category},{symbol}:{msg}' --reports=n --output-format=text ~/Documents/Projects/Dal-io/dalio/pipe/col_generation.py
cwd: ~/Documents/Projects/Dal-io
> ~/.conda/envs/dalio/bin/python ~/.vscode-oss/extensions/ms-python.python-2020.6.91350/pythonFiles/pyvsc-run-isolated.py pylint --disable=all --enable=F,unreachable,duplicate-key,unnecessary-semicolon,global-variable-not-assigned,unused-variable,unused-wildcard-import,binary-op-exception,bad-format-string,anomalous-backslash-in-string,bad-open-mode,E0001,E0011,E0012,E0100,E0101,E0102,E0103,E0104,E0105,E0107,E0108,E0110,E0111,E0112,E0113,E0114,E0115,E0116,E0117,E0118,E0202,E0203,E0211,E0213,E0236,E0237,E0238,E0239,E0240,E0241,E0301,E0302,E0303,E0401,E0402,E0601,E0602,E0603,E0604,E0611,E0632,E0633,E0701,E0702,E0703,E0704,E0710,E0711,E0712,E1003,E1101,E1102,E1111,E1120,E1121,E1123,E1124,E1125,E1126,E1127,E1128,E1129,E1130,E1131,E1132,E1133,E1134,E1135,E1136,E1137,E1138,E1139,E1200,E1201,E1205,E1206,E1300,E1301,E1302,E1303,E1304,E1305,E1306,E1310,E1700,E1701 --msg-template='{line},{column},{category},{symbol}:{msg}' --reports=n --output-format=text ~/Documents/Projects/Dal-io/dalio/pipe/col_generation.py
cwd: ~/Documents/Projects/Dal-io
##########Linting Output - pylint##########

------------------------------------
Your code has been rated at 10.00/10

> ~/.conda/envs/dalio/bin/python ~/.vscode-oss/extensions/ms-python.python-2020.6.91350/pythonFiles/pyvsc-run-isolated.py pylint --disable=all --enable=F,unreachable,duplicate-key,unnecessary-semicolon,global-variable-not-assigned,unused-variable,unused-wildcard-import,binary-op-exception,bad-format-string,anomalous-backslash-in-string,bad-open-mode,E0001,E0011,E0012,E0100,E0101,E0102,E0103,E0104,E0105,E0107,E0108,E0110,E0111,E0112,E0113,E0114,E0115,E0116,E0117,E0118,E0202,E0203,E0211,E0213,E0236,E0237,E0238,E0239,E0240,E0241,E0301,E0302,E0303,E0401,E0402,E0601,E0602,E0603,E0604,E0611,E0632,E0633,E0701,E0702,E0703,E0704,E0710,E0711,E0712,E1003,E1101,E1102,E1111,E1120,E1121,E1123,E1124,E1125,E1126,E1127,E1128,E1129,E1130,E1131,E1132,E1133,E1134,E1135,E1136,E1137,E1138,E1139,E1200,E1201,E1205,E1206,E1300,E1301,E1302,E1303,E1304,E1305,E1306,E1310,E1700,E1701 --msg-template='{line},{column},{category},{symbol}:{msg}' --reports=n --output-format=text ~/Documents/Projects/Dal-io/dalio/pipe/col_generation.py
cwd: ~/Documents/Projects/Dal-io
> ~/.conda/envs/dalio/bin/python ~/.vscode-oss/extensions/ms-python.python-2020.6.91350/pythonFiles/pyvsc-run-isolated.py pylint --disable=all --enable=F,unreachable,duplicate-key,unnecessary-semicolon,global-variable-not-assigned,unused-variable,unused-wildcard-import,binary-op-exception,bad-format-string,anomalous-backslash-in-string,bad-open-mode,E0001,E0011,E0012,E0100,E0101,E0102,E0103,E0104,E0105,E0107,E0108,E0110,E0111,E0112,E0113,E0114,E0115,E0116,E0117,E0118,E0202,E0203,E0211,E0213,E0236,E0237,E0238,E0239,E0240,E0241,E0301,E0302,E0303,E0401,E0402,E0601,E0602,E0603,E0604,E0611,E0632,E0633,E0701,E0702,E0703,E0704,E0710,E0711,E0712,E1003,E1101,E1102,E1111,E1120,E1121,E1123,E1124,E1125,E1126,E1127,E1128,E1129,E1130,E1131,E1132,E1133,E1134,E1135,E1136,E1137,E1138,E1139,E1200,E1201,E1205,E1206,E1300,E1301,E1302,E1303,E1304,E1305,E1306,E1310,E1700,E1701 --msg-template='{line},{column},{category},{symbol}:{msg}' --reports=n --output-format=text ~/Documents/Projects/Dal-io/dalio/pipe/col_generation.py
cwd: ~/Documents/Projects/Dal-io
##########Linting Output - pylint##########
> ~/.conda/envs/dalio/bin/python ~/.vscode-oss/extensions/ms-python.python-2020.6.91350/pythonFiles/pyvsc-run-isolated.py pylint --disable=all --enable=F,unreachable,duplicate-key,unnecessary-semicolon,global-variable-not-assigned,unused-variable,unused-wildcard-import,binary-op-exception,bad-format-string,anomalous-backslash-in-string,bad-open-mode,E0001,E0011,E0012,E0100,E0101,E0102,E0103,E0104,E0105,E0107,E0108,E0110,E0111,E0112,E0113,E0114,E0115,E0116,E0117,E0118,E0202,E0203,E0211,E0213,E0236,E0237,E0238,E0239,E0240,E0241,E0301,E0302,E0303,E0401,E0402,E0601,E0602,E0603,E0604,E0611,E0632,E0633,E0701,E0702,E0703,E0704,E0710,E0711,E0712,E1003,E1101,E1102,E1111,E1120,E1121,E1123,E1124,E1125,E1126,E1127,E1128,E1129,E1130,E1131,E1132,E1133,E1134,E1135,E1136,E1137,E1138,E1139,E1200,E1201,E1205,E1206,E1300,E1301,E1302,E1303,E1304,E1305,E1306,E1310,E1700,E1701 --msg-template='{line},{column},{category},{symbol}:{msg}' --reports=n --output-format=text ~/Documents/Projects/Dal-io/dalio/pipe/col_generation.py
cwd: ~/Documents/Projects/Dal-io
> ~/.conda/envs/dalio/bin/python ~/.vscode-oss/extensions/ms-python.python-2020.6.91350/pythonFiles/pyvsc-run-isolated.py pylint --disable=all --enable=F,unreachable,duplicate-key,unnecessary-semicolon,global-variable-not-assigned,unused-variable,unused-wildcard-import,binary-op-exception,bad-format-string,anomalous-backslash-in-string,bad-open-mode,E0001,E0011,E0012,E0100,E0101,E0102,E0103,E0104,E0105,E0107,E0108,E0110,E0111,E0112,E0113,E0114,E0115,E0116,E0117,E0118,E0202,E0203,E0211,E0213,E0236,E0237,E0238,E0239,E0240,E0241,E0301,E0302,E0303,E0401,E0402,E0601,E0602,E0603,E0604,E0611,E0632,E0633,E0701,E0702,E0703,E0704,E0710,E0711,E0712,E1003,E1101,E1102,E1111,E1120,E1121,E1123,E1124,E1125,E1126,E1127,E1128,E1129,E1130,E1131,E1132,E1133,E1134,E1135,E1136,E1137,E1138,E1139,E1200,E1201,E1205,E1206,E1300,E1301,E1302,E1303,E1304,E1305,E1306,E1310,E1700,E1701 --msg-template='{line},{column},{category},{symbol}:{msg}' --reports=n --output-format=text ~/Documents/Projects/Dal-io/dalio/pipe/col_generation.py
cwd: ~/Documents/Projects/Dal-io
##########Linting Output - pylint##########
> ~/.conda/envs/dalio/bin/python ~/.vscode-oss/extensions/ms-python.python-2020.6.91350/pythonFiles/pyvsc-run-isolated.py pylint --disable=all --enable=F,unreachable,duplicate-key,unnecessary-semicolon,global-variable-not-assigned,unused-variable,unused-wildcard-import,binary-op-exception,bad-format-string,anomalous-backslash-in-string,bad-open-mode,E0001,E0011,E0012,E0100,E0101,E0102,E0103,E0104,E0105,E0107,E0108,E0110,E0111,E0112,E0113,E0114,E0115,E0116,E0117,E0118,E0202,E0203,E0211,E0213,E0236,E0237,E0238,E0239,E0240,E0241,E0301,E0302,E0303,E0401,E0402,E0601,E0602,E0603,E0604,E0611,E0632,E0633,E0701,E0702,E0703,E0704,E0710,E0711,E0712,E1003,E1101,E1102,E1111,E1120,E1121,E1123,E1124,E1125,E1126,E1127,E1128,E1129,E1130,E1131,E1132,E1133,E1134,E1135,E1136,E1137,E1138,E1139,E1200,E1201,E1205,E1206,E1300,E1301,E1302,E1303,E1304,E1305,E1306,E1310,E1700,E1701 --msg-template='{line},{column},{category},{symbol}:{msg}' --reports=n --output-format=text ~/Documents/Projects/Dal-io/dalio/pipe/col_generation.py
cwd: ~/Documents/Projects/Dal-io
> ~/.conda/envs/dalio/bin/python ~/.vscode-oss/extensions/ms-python.python-2020.6.91350/pythonFiles/pyvsc-run-isolated.py pylint --disable=all --enable=F,unreachable,duplicate-key,unnecessary-semicolon,global-variable-not-assigned,unused-variable,unused-wildcard-import,binary-op-exception,bad-format-string,anomalous-backslash-in-string,bad-open-mode,E0001,E0011,E0012,E0100,E0101,E0102,E0103,E0104,E0105,E0107,E0108,E0110,E0111,E0112,E0113,E0114,E0115,E0116,E0117,E0118,E0202,E0203,E0211,E0213,E0236,E0237,E0238,E0239,E0240,E0241,E0301,E0302,E0303,E0401,E0402,E0601,E0602,E0603,E0604,E0611,E0632,E0633,E0701,E0702,E0703,E0704,E0710,E0711,E0712,E1003,E1101,E1102,E1111,E1120,E1121,E1123,E1124,E1125,E1126,E1127,E1128,E1129,E1130,E1131,E1132,E1133,E1134,E1135,E1136,E1137,E1138,E1139,E1200,E1201,E1205,E1206,E1300,E1301,E1302,E1303,E1304,E1305,E1306,E1310,E1700,E1701 --msg-template='{line},{column},{category},{symbol}:{msg}' --reports=n --output-format=text ~/Documents/Projects/Dal-io/dalio/pipe/col_generation.py
cwd: ~/Documents/Projects/Dal-io
##########Linting Output - pylint##########
> ~/.conda/envs/dalio/bin/python ~/.vscode-oss/extensions/ms-python.python-2020.6.91350/pythonFiles/pyvsc-run-isolated.py pylint --disable=all --enable=F,unreachable,duplicate-key,unnecessary-semicolon,global-variable-not-assigned,unused-variable,unused-wildcard-import,binary-op-exception,bad-format-string,anomalous-backslash-in-string,bad-open-mode,E0001,E0011,E0012,E0100,E0101,E0102,E0103,E0104,E0105,E0107,E0108,E0110,E0111,E0112,E0113,E0114,E0115,E0116,E0117,E0118,E0202,E0203,E0211,E0213,E0236,E0237,E0238,E0239,E0240,E0241,E0301,E0302,E0303,E0401,E0402,E0601,E0602,E0603,E0604,E0611,E0632,E0633,E0701,E0702,E0703,E0704,E0710,E0711,E0712,E1003,E1101,E1102,E1111,E1120,E1121,E1123,E1124,E1125,E1126,E1127,E1128,E1129,E1130,E1131,E1132,E1133,E1134,E1135,E1136,E1137,E1138,E1139,E1200,E1201,E1205,E1206,E1300,E1301,E1302,E1303,E1304,E1305,E1306,E1310,E1700,E1701 --msg-template='{line},{column},{category},{symbol}:{msg}' --reports=n --output-format=text ~/Documents/Projects/Dal-io/dalio/pipe/col_generation.py
cwd: ~/Documents/Projects/Dal-io
> ~/.conda/envs/dalio/bin/python ~/.vscode-oss/extensions/ms-python.python-2020.6.91350/pythonFiles/pyvsc-run-isolated.py pylint --disable=all --enable=F,unreachable,duplicate-key,unnecessary-semicolon,global-variable-not-assigned,unused-variable,unused-wildcard-import,binary-op-exception,bad-format-string,anomalous-backslash-in-string,bad-open-mode,E0001,E0011,E0012,E0100,E0101,E0102,E0103,E0104,E0105,E0107,E0108,E0110,E0111,E0112,E0113,E0114,E0115,E0116,E0117,E0118,E0202,E0203,E0211,E0213,E0236,E0237,E0238,E0239,E0240,E0241,E0301,E0302,E0303,E0401,E0402,E0601,E0602,E0603,E0604,E0611,E0632,E0633,E0701,E0702,E0703,E0704,E0710,E0711,E0712,E1003,E1101,E1102,E1111,E1120,E1121,E1123,E1124,E1125,E1126,E1127,E1128,E1129,E1130,E1131,E1132,E1133,E1134,E1135,E1136,E1137,E1138,E1139,E1200,E1201,E1205,E1206,E1300,E1301,E1302,E1303,E1304,E1305,E1306,E1310,E1700,E1701 --msg-template='{line},{column},{category},{symbol}:{msg}' --reports=n --output-format=text ~/Documents/Projects/Dal-io/dalio/pipe/col_generation.py
cwd: ~/Documents/Projects/Dal-io
##########Linting Output - pylint##########
> ~/.conda/envs/dalio/bin/python ~/.vscode-oss/extensions/ms-python.python-2020.6.91350/pythonFiles/pyvsc-run-isolated.py pylint --disable=all --enable=F,unreachable,duplicate-key,unnecessary-semicolon,global-variable-not-assigned,unused-variable,unused-wildcard-import,binary-op-exception,bad-format-string,anomalous-backslash-in-string,bad-open-mode,E0001,E0011,E0012,E0100,E0101,E0102,E0103,E0104,E0105,E0107,E0108,E0110,E0111,E0112,E0113,E0114,E0115,E0116,E0117,E0118,E0202,E0203,E0211,E0213,E0236,E0237,E0238,E0239,E0240,E0241,E0301,E0302,E0303,E0401,E0402,E0601,E0602,E0603,E0604,E0611,E0632,E0633,E0701,E0702,E0703,E0704,E0710,E0711,E0712,E1003,E1101,E1102,E1111,E1120,E1121,E1123,E1124,E1125,E1126,E1127,E1128,E1129,E1130,E1131,E1132,E1133,E1134,E1135,E1136,E1137,E1138,E1139,E1200,E1201,E1205,E1206,E1300,E1301,E1302,E1303,E1304,E1305,E1306,E1310,E1700,E1701 --msg-template='{line},{column},{category},{symbol}:{msg}' --reports=n --output-format=text ~/Documents/Projects/Dal-io/dalio/pipe/col_generation.py
cwd: ~/Documents/Projects/Dal-io
> ~/.conda/envs/dalio/bin/python ~/.vscode-oss/extensions/ms-python.python-2020.6.91350/pythonFiles/pyvsc-run-isolated.py pylint --disable=all --enable=F,unreachable,duplicate-key,unnecessary-semicolon,global-variable-not-assigned,unused-variable,unused-wildcard-import,binary-op-exception,bad-format-string,anomalous-backslash-in-string,bad-open-mode,E0001,E0011,E0012,E0100,E0101,E0102,E0103,E0104,E0105,E0107,E0108,E0110,E0111,E0112,E0113,E0114,E0115,E0116,E0117,E0118,E0202,E0203,E0211,E0213,E0236,E0237,E0238,E0239,E0240,E0241,E0301,E0302,E0303,E0401,E0402,E0601,E0602,E0603,E0604,E0611,E0632,E0633,E0701,E0702,E0703,E0704,E0710,E0711,E0712,E1003,E1101,E1102,E1111,E1120,E1121,E1123,E1124,E1125,E1126,E1127,E1128,E1129,E1130,E1131,E1132,E1133,E1134,E1135,E1136,E1137,E1138,E1139,E1200,E1201,E1205,E1206,E1300,E1301,E1302,E1303,E1304,E1305,E1306,E1310,E1700,E1701 --msg-template='{line},{column},{category},{symbol}:{msg}' --reports=n --output-format=text ~/Documents/Projects/Dal-io/dalio/pipe/col_generation.py
cwd: ~/Documents/Projects/Dal-io
##########Linting Output - pylint##########

--------------------------------------------------------------------
Your code has been rated at 10.00/10 (previous run: 10.00/10, +0.00)

> ~/.conda/envs/dalio/bin/python ~/.vscode-oss/extensions/ms-python.python-2020.6.91350/pythonFiles/pyvsc-run-isolated.py pylint --disable=all --enable=F,unreachable,duplicate-key,unnecessary-semicolon,global-variable-not-assigned,unused-variable,unused-wildcard-import,binary-op-exception,bad-format-string,anomalous-backslash-in-string,bad-open-mode,E0001,E0011,E0012,E0100,E0101,E0102,E0103,E0104,E0105,E0107,E0108,E0110,E0111,E0112,E0113,E0114,E0115,E0116,E0117,E0118,E0202,E0203,E0211,E0213,E0236,E0237,E0238,E0239,E0240,E0241,E0301,E0302,E0303,E0401,E0402,E0601,E0602,E0603,E0604,E0611,E0632,E0633,E0701,E0702,E0703,E0704,E0710,E0711,E0712,E1003,E1101,E1102,E1111,E1120,E1121,E1123,E1124,E1125,E1126,E1127,E1128,E1129,E1130,E1131,E1132,E1133,E1134,E1135,E1136,E1137,E1138,E1139,E1200,E1201,E1205,E1206,E1300,E1301,E1302,E1303,E1304,E1305,E1306,E1310,E1700,E1701 --msg-template='{line},{column},{category},{symbol}:{msg}' --reports=n --output-format=text ~/Documents/Projects/Dal-io/tests/pipe_tests.py
cwd: ~/Documents/Projects/Dal-io
> ~/.conda/envs/dalio/bin/python ~/.vscode-oss/extensions/ms-python.python-2020.6.91350/pythonFiles/pyvsc-run-isolated.py pylint --disable=all --enable=F,unreachable,duplicate-key,unnecessary-semicolon,global-variable-not-assigned,unused-variable,unused-wildcard-import,binary-op-exception,bad-format-string,anomalous-backslash-in-string,bad-open-mode,E0001,E0011,E0012,E0100,E0101,E0102,E0103,E0104,E0105,E0107,E0108,E0110,E0111,E0112,E0113,E0114,E0115,E0116,E0117,E0118,E0202,E0203,E0211,E0213,E0236,E0237,E0238,E0239,E0240,E0241,E0301,E0302,E0303,E0401,E0402,E0601,E0602,E0603,E0604,E0611,E0632,E0633,E0701,E0702,E0703,E0704,E0710,E0711,E0712,E1003,E1101,E1102,E1111,E1120,E1121,E1123,E1124,E1125,E1126,E1127,E1128,E1129,E1130,E1131,E1132,E1133,E1134,E1135,E1136,E1137,E1138,E1139,E1200,E1201,E1205,E1206,E1300,E1301,E1302,E1303,E1304,E1305,E1306,E1310,E1700,E1701 --msg-template='{line},{column},{category},{symbol}:{msg}' --reports=n --output-format=text ~/Documents/Projects/Dal-io/tests/pipe_tests.py
cwd: ~/Documents/Projects/Dal-io
##########Linting Output - pylint##########
************* Module pipe_tests
124,4,error,syntax-error:unexpected indent (<unknown>, line 124)
