[2020-07-11 12:19:48.972] [exthost] [info] extension host started
[2020-07-11 12:19:49.081] [exthost] [info] ExtensionService#_doActivateExtension vscode.debug-auto-launch {"startup":true,"extensionId":{"value":"vscode.debug-auto-launch","_lower":"vscode.debug-auto-launch"},"activationEvent":"*"}
[2020-07-11 12:19:49.082] [exthost] [info] ExtensionService#loadCommonJSModule file:///usr/lib/code/extensions/debug-auto-launch/dist/extension
[2020-07-11 12:19:49.094] [exthost] [info] ExtensionService#_doActivateExtension vscode.emmet {"startup":true,"extensionId":{"value":"vscode.emmet","_lower":"vscode.emmet"},"activationEvent":"*"}
[2020-07-11 12:19:49.094] [exthost] [info] ExtensionService#loadCommonJSModule file:///usr/lib/code/extensions/emmet/dist/extension
[2020-07-11 12:19:49.151] [exthost] [info] ExtensionService#_doActivateExtension vscode.git {"startup":true,"extensionId":{"value":"vscode.github","_lower":"vscode.github"},"activationEvent":"*"}
[2020-07-11 12:19:49.151] [exthost] [info] ExtensionService#loadCommonJSModule file:///usr/lib/code/extensions/git/dist/main
[2020-07-11 12:19:49.264] [exthost] [info] ExtensionService#_doActivateExtension vscode.github-authentication {"startup":true,"extensionId":{"value":"vscode.github-authentication","_lower":"vscode.github-authentication"},"activationEvent":"*"}
[2020-07-11 12:19:49.264] [exthost] [info] ExtensionService#loadCommonJSModule file:///usr/lib/code/extensions/github-authentication/dist/extension.js
[2020-07-11 12:19:49.292] [exthost] [info] ExtensionService#_doActivateExtension vscode.merge-conflict {"startup":true,"extensionId":{"value":"vscode.merge-conflict","_lower":"vscode.merge-conflict"},"activationEvent":"*"}
[2020-07-11 12:19:49.292] [exthost] [info] ExtensionService#loadCommonJSModule file:///usr/lib/code/extensions/merge-conflict/dist/extension
[2020-07-11 12:19:49.298] [exthost] [info] ExtensionService#_doActivateExtension vscode.microsoft-authentication {"startup":true,"extensionId":{"value":"vscode.microsoft-authentication","_lower":"vscode.microsoft-authentication"},"activationEvent":"*"}
[2020-07-11 12:19:49.298] [exthost] [info] ExtensionService#loadCommonJSModule file:///usr/lib/code/extensions/microsoft-authentication/dist/extension.js
[2020-07-11 12:19:49.318] [exthost] [info] ExtensionService#_doActivateExtension vscode.search-result {"startup":true,"extensionId":{"value":"vscode.search-result","_lower":"vscode.search-result"},"activationEvent":"*"}
[2020-07-11 12:19:49.318] [exthost] [info] ExtensionService#loadCommonJSModule file:///usr/lib/code/extensions/search-result/dist/extension.js
[2020-07-11 12:19:49.479] [exthost] [info] ExtensionService#_doActivateExtension vscode.github {"startup":true,"extensionId":{"value":"vscode.github","_lower":"vscode.github"},"activationEvent":"*"}
[2020-07-11 12:19:49.479] [exthost] [info] ExtensionService#loadCommonJSModule file:///usr/lib/code/extensions/github/dist/extension.js
[2020-07-11 12:19:49.644] [exthost] [info] eager extensions activated
[2020-07-11 12:20:11.950] [exthost] [info] ExtensionService#_doActivateExtension ms-python.python {"startup":false,"extensionId":{"value":"ms-python.python","_lower":"ms-python.python"},"activationEvent":"workspaceContains:mspythonconfig.json"}
[2020-07-11 12:20:11.951] [exthost] [info] ExtensionService#loadCommonJSModule file:///home/renatomz/.vscode-oss/extensions/ms-python.python-2020.6.91350/out/client/extension
[2020-07-11 12:20:12.674] [exthost] [info] ExtensionService#_doActivateExtension vscode.configuration-editing {"startup":false,"extensionId":{"value":"vscode.configuration-editing","_lower":"vscode.configuration-editing"},"activationEvent":"onLanguage:json"}
[2020-07-11 12:20:12.674] [exthost] [info] ExtensionService#loadCommonJSModule file:///usr/lib/code/extensions/configuration-editing/dist/extension
[2020-07-11 12:20:12.682] [exthost] [info] ExtensionService#_doActivateExtension vscode.extension-editing {"startup":false,"extensionId":{"value":"vscode.extension-editing","_lower":"vscode.extension-editing"},"activationEvent":"onLanguage:json"}
[2020-07-11 12:20:12.682] [exthost] [info] ExtensionService#loadCommonJSModule file:///usr/lib/code/extensions/extension-editing/dist/extension
[2020-07-11 12:20:12.709] [exthost] [info] ExtensionService#_doActivateExtension vscode.json-language-features {"startup":false,"extensionId":{"value":"vscode.json-language-features","_lower":"vscode.json-language-features"},"activationEvent":"onLanguage:json"}
[2020-07-11 12:20:12.709] [exthost] [info] ExtensionService#loadCommonJSModule file:///usr/lib/code/extensions/json-language-features/client/dist/jsonMain
[2020-07-11 12:20:12.770] [exthost] [info] ExtensionService#_doActivateExtension ms-vscode.js-debug {"startup":false,"extensionId":{"value":"ms-vscode.js-debug","_lower":"ms-vscode.js-debug"},"activationEvent":"onLanguage:json"}
[2020-07-11 12:20:12.770] [exthost] [info] ExtensionService#loadCommonJSModule file:///usr/lib/code/extensions/ms-vscode.js-debug/src/extension.js
[2020-07-11 12:20:13.434] [exthost] [info] ExtensionService#_doActivateExtension vscode.npm {"startup":false,"extensionId":{"value":"vscode.npm","_lower":"vscode.npm"},"activationEvent":"onLanguage:json"}
[2020-07-11 12:20:13.434] [exthost] [info] ExtensionService#loadCommonJSModule file:///usr/lib/code/extensions/npm/dist/main
[2020-07-11 12:20:14.031] [exthost] [info] ExtensionService#_doActivateExtension vscodevim.vim {"startup":false,"extensionId":{"value":"vscodevim.vim","_lower":"vscodevim.vim"},"activationEvent":"*"}
[2020-07-11 12:20:14.031] [exthost] [info] ExtensionService#loadCommonJSModule file:///home/renatomz/.vscode-oss/extensions/vscodevim.vim-1.14.5/out/extension
[2020-07-11 12:21:01.322] [exthost] [info] ExtensionService#_doActivateExtension vscode.typescript-language-features {"startup":false,"extensionId":{"value":"vscode.typescript-language-features","_lower":"vscode.typescript-language-features"},"activationEvent":"onLanguage:jsonc"}
[2020-07-11 12:21:01.323] [exthost] [info] ExtensionService#loadCommonJSModule file:///usr/lib/code/extensions/typescript-language-features/dist/extension
[2020-07-11 12:21:06.448] [exthost] [info] ExtensionService#_doActivateExtension vscode.python {"startup":false,"extensionId":{"value":"vscode.python","_lower":"vscode.python"},"activationEvent":"onLanguage:python"}
[2020-07-11 12:21:06.448] [exthost] [info] ExtensionService#loadCommonJSModule file:///usr/lib/code/extensions/python/dist/pythonMain
[2020-07-11 12:21:26.166] [exthost] [info] ExtensionService#_doActivateExtension vscode.debug-server-ready {"startup":false,"extensionId":{"value":"vscode.debug-server-ready","_lower":"vscode.debug-server-ready"},"activationEvent":"onDebugResolve"}
[2020-07-11 12:21:26.166] [exthost] [info] ExtensionService#loadCommonJSModule file:///usr/lib/code/extensions/debug-server-ready/dist/extension
[2020-07-11 12:24:44.334] [exthost] [info] ExtensionService#_doActivateExtension vscode.html-language-features {"startup":false,"extensionId":{"value":"vscode.html-language-features","_lower":"vscode.html-language-features"},"activationEvent":"onLanguage:html"}
[2020-07-11 12:24:44.334] [exthost] [info] ExtensionService#loadCommonJSModule file:///usr/lib/code/extensions/html-language-features/client/dist/htmlMain
